2021-05-28 04:38:13.527 - INFO - 19995 - azureml.automl.core.dataset_utilities._save_datasets_to_json:131 - JSON serialization of input of type <class 'NoneType'> is un-supported.
2021-05-28 04:38:13.545 - INFO - 19995 - azureml.automl.core.dataset_utilities._save_datasets_to_json:131 - JSON serialization of input of type <class 'NoneType'> is un-supported.
2021-05-28 04:38:13.547 - INFO - 19995 - azureml.train.automl._experiment_drivers.driver_utilities.validate_input:124 - Start data validation.
2021-05-28 04:38:13.660 - INFO - 19995 - azureml.train.automl._experiment_drivers.driver_utilities.validate_input:137 - Validation service found the data has no errors.
2021-05-28 05:25:17.735 - INFO - 19995 - azureml.automl.runtime.featurization.data_transformer.__init__:172 - Feature sweeping enabled: False
2021-05-28 05:25:17.737 - INFO - 19995 - azureml.automl.runtime.featurization.data_transformer.__init__:173 - Feature sweeping timeout: 86400
2021-05-28 05:25:47.724 - INFO - 19995 - azureml.automl.runtime.featurization.data_transformer._apply_transforms:507 - Starting to apply transforms. Total ram: 14677889024 bytes
2021-05-28 05:25:47.783 - INFO - 19995 - azureml.automl.runtime.featurization.data_transformer._apply_transforms:518 - Transform memory estimate: 0 bytes, Current available memory: 7011938304 bytes
2021-05-28 05:25:47.790 - INFO - 19995 - azureml.automl.runtime.featurization.data_transformer._apply_transforms:528 - SimpleImputer: Applying transform.
2021-05-28 05:25:47.799 - INFO - 19995 - azureml.automl.runtime.featurization.data_transformer._apply_transforms:542 - SimpleImputer: Finished applying transform. Shape (32950, 1)
2021-05-28 05:25:47.805 - INFO - 19995 - azureml.automl.runtime.featurization.data_transformer._apply_transforms:518 - Transform memory estimate: 0 bytes, Current available memory: 7011938304 bytes
2021-05-28 05:25:47.811 - INFO - 19995 - azureml.automl.runtime.featurization.data_transformer._apply_transforms:528 - SimpleImputer: Applying transform.
2021-05-28 05:25:47.824 - INFO - 19995 - azureml.automl.runtime.featurization.data_transformer._apply_transforms:542 - SimpleImputer: Finished applying transform. Shape (32950, 1)
2021-05-28 05:25:47.831 - INFO - 19995 - azureml.automl.runtime.featurization.data_transformer._apply_transforms:518 - Transform memory estimate: 0 bytes, Current available memory: 7011905536 bytes
2021-05-28 05:25:47.841 - INFO - 19995 - azureml.automl.runtime.featurization.data_transformer._apply_transforms:528 - SimpleImputer: Applying transform.
2021-05-28 05:25:47.864 - INFO - 19995 - azureml.automl.runtime.featurization.data_transformer._apply_transforms:542 - SimpleImputer: Finished applying transform. Shape (32950, 1)
2021-05-28 05:25:47.870 - INFO - 19995 - azureml.automl.runtime.featurization.data_transformer._apply_transforms:518 - Transform memory estimate: 0 bytes, Current available memory: 7011905536 bytes
2021-05-28 05:25:47.881 - INFO - 19995 - azureml.automl.runtime.featurization.data_transformer._apply_transforms:528 - SimpleImputer: Applying transform.
2021-05-28 05:25:47.894 - INFO - 19995 - azureml.automl.runtime.featurization.data_transformer._apply_transforms:542 - SimpleImputer: Finished applying transform. Shape (32950, 1)
2021-05-28 05:25:47.912 - INFO - 19995 - azureml.automl.runtime.featurization.data_transformer._apply_transforms:518 - Transform memory estimate: 0 bytes, Current available memory: 7011905536 bytes
2021-05-28 05:25:47.919 - INFO - 19995 - azureml.automl.runtime.featurization.data_transformer._apply_transforms:528 - SimpleImputer: Applying transform.
2021-05-28 05:25:47.947 - INFO - 19995 - azureml.automl.runtime.featurization.data_transformer._apply_transforms:542 - SimpleImputer: Finished applying transform. Shape (32950, 1)
2021-05-28 05:25:47.963 - INFO - 19995 - azureml.automl.runtime.featurization.data_transformer._apply_transforms:518 - Transform memory estimate: 0 bytes, Current available memory: 7011647488 bytes
2021-05-28 05:25:47.972 - INFO - 19995 - azureml.automl.runtime.featurization.data_transformer._apply_transforms:528 - SimpleImputer: Applying transform.
2021-05-28 05:25:47.985 - INFO - 19995 - azureml.automl.runtime.featurization.data_transformer._apply_transforms:542 - SimpleImputer: Finished applying transform. Shape (32950, 1)
2021-05-28 05:25:47.985 - INFO - 19995 - azureml.automl.runtime.featurization.data_transformer._apply_transforms:518 - Transform memory estimate: 0 bytes, Current available memory: 7011389440 bytes
2021-05-28 05:25:47.986 - INFO - 19995 - azureml.automl.runtime.featurization.data_transformer._apply_transforms:528 - SimpleImputer: Applying transform.
2021-05-28 05:25:47.988 - INFO - 19995 - azureml.automl.runtime.featurization.data_transformer._apply_transforms:542 - SimpleImputer: Finished applying transform. Shape (32950, 1)
2021-05-28 05:25:47.989 - INFO - 19995 - azureml.automl.runtime.featurization.data_transformer._apply_transforms:518 - Transform memory estimate: 0 bytes, Current available memory: 7011131392 bytes
2021-05-28 05:25:47.989 - INFO - 19995 - azureml.automl.runtime.featurization.data_transformer._apply_transforms:528 - StringCastTransformer,CountVectorizer: Applying transform.
2021-05-28 05:25:48.100 - INFO - 19995 - azureml.automl.runtime.featurization.data_transformer._apply_transforms:542 - StringCastTransformer,CountVectorizer: Finished applying transform. Shape (32950, 12)
2021-05-28 05:25:48.101 - INFO - 19995 - azureml.automl.runtime.featurization.data_transformer._apply_transforms:518 - Transform memory estimate: 0 bytes, Current available memory: 7009583104 bytes
2021-05-28 05:25:48.101 - INFO - 19995 - azureml.automl.runtime.featurization.data_transformer._apply_transforms:528 - StringCastTransformer,CountVectorizer: Applying transform.
2021-05-28 05:25:48.198 - INFO - 19995 - azureml.automl.runtime.featurization.data_transformer._apply_transforms:542 - StringCastTransformer,CountVectorizer: Finished applying transform. Shape (32950, 4)
2021-05-28 05:25:48.198 - INFO - 19995 - azureml.automl.runtime.featurization.data_transformer._apply_transforms:518 - Transform memory estimate: 0 bytes, Current available memory: 7009325056 bytes
2021-05-28 05:25:48.199 - INFO - 19995 - azureml.automl.runtime.featurization.data_transformer._apply_transforms:528 - StringCastTransformer,CountVectorizer: Applying transform.
2021-05-28 05:25:48.296 - INFO - 19995 - azureml.automl.runtime.featurization.data_transformer._apply_transforms:542 - StringCastTransformer,CountVectorizer: Finished applying transform. Shape (32950, 8)
2021-05-28 05:25:48.297 - INFO - 19995 - azureml.automl.runtime.featurization.data_transformer._apply_transforms:518 - Transform memory estimate: 0 bytes, Current available memory: 7008550912 bytes
2021-05-28 05:25:48.297 - INFO - 19995 - azureml.automl.runtime.featurization.data_transformer._apply_transforms:528 - StringCastTransformer,CountVectorizer: Applying transform.
2021-05-28 05:25:48.417 - INFO - 19995 - azureml.automl.runtime.featurization.data_transformer._apply_transforms:542 - StringCastTransformer,CountVectorizer: Finished applying transform. Shape (32950, 3)
2021-05-28 05:25:48.417 - INFO - 19995 - azureml.automl.runtime.featurization.data_transformer._apply_transforms:518 - Transform memory estimate: 0 bytes, Current available memory: 7030628352 bytes
2021-05-28 05:25:48.418 - INFO - 19995 - azureml.automl.runtime.featurization.data_transformer._apply_transforms:528 - StringCastTransformer,CountVectorizer: Applying transform.
2021-05-28 05:25:48.525 - INFO - 19995 - azureml.automl.runtime.featurization.data_transformer._apply_transforms:542 - StringCastTransformer,CountVectorizer: Finished applying transform. Shape (32950, 3)
2021-05-28 05:25:48.525 - INFO - 19995 - azureml.automl.runtime.featurization.data_transformer._apply_transforms:518 - Transform memory estimate: 0 bytes, Current available memory: 7027847168 bytes
2021-05-28 05:25:48.525 - INFO - 19995 - azureml.automl.runtime.featurization.data_transformer._apply_transforms:528 - StringCastTransformer,CountVectorizer: Applying transform.
2021-05-28 05:25:48.632 - INFO - 19995 - azureml.automl.runtime.featurization.data_transformer._apply_transforms:542 - StringCastTransformer,CountVectorizer: Finished applying transform. Shape (32950, 3)
2021-05-28 05:25:48.633 - INFO - 19995 - azureml.automl.runtime.featurization.data_transformer._apply_transforms:518 - Transform memory estimate: 0 bytes, Current available memory: 7013453824 bytes
2021-05-28 05:25:48.633 - INFO - 19995 - azureml.automl.runtime.featurization.data_transformer._apply_transforms:528 - CatImputer,StringCastTransformer,LabelEncoderTransformer: Applying transform.
2021-05-28 05:25:48.659 - INFO - 19995 - azureml.automl.runtime.featurization.data_transformer._apply_transforms:542 - CatImputer,StringCastTransformer,LabelEncoderTransformer: Finished applying transform. Shape (32950, 1)
2021-05-28 05:25:48.659 - INFO - 19995 - azureml.automl.runtime.featurization.data_transformer._apply_transforms:518 - Transform memory estimate: 0 bytes, Current available memory: 7012163584 bytes
2021-05-28 05:25:48.660 - INFO - 19995 - azureml.automl.runtime.featurization.data_transformer._apply_transforms:528 - StringCastTransformer,CountVectorizer: Applying transform.
2021-05-28 05:25:48.762 - INFO - 19995 - azureml.automl.runtime.featurization.data_transformer._apply_transforms:542 - StringCastTransformer,CountVectorizer: Finished applying transform. Shape (32950, 10)
2021-05-28 05:25:48.762 - INFO - 19995 - azureml.automl.runtime.featurization.data_transformer._apply_transforms:518 - Transform memory estimate: 0 bytes, Current available memory: 7005196288 bytes
2021-05-28 05:25:48.763 - INFO - 19995 - azureml.automl.runtime.featurization.data_transformer._apply_transforms:528 - StringCastTransformer,CountVectorizer: Applying transform.
2021-05-28 05:25:48.864 - INFO - 19995 - azureml.automl.runtime.featurization.data_transformer._apply_transforms:542 - StringCastTransformer,CountVectorizer: Finished applying transform. Shape (32950, 5)
2021-05-28 05:25:48.865 - INFO - 19995 - azureml.automl.runtime.featurization.data_transformer._apply_transforms:518 - Transform memory estimate: 0 bytes, Current available memory: 6993584128 bytes
2021-05-28 05:25:48.865 - INFO - 19995 - azureml.automl.runtime.featurization.data_transformer._apply_transforms:528 - StringCastTransformer,CountVectorizer: Applying transform.
2021-05-28 05:25:48.989 - INFO - 19995 - azureml.automl.runtime.featurization.data_transformer._apply_transforms:542 - StringCastTransformer,CountVectorizer: Finished applying transform. Shape (32950, 39)
2021-05-28 05:25:48.989 - INFO - 19995 - azureml.automl.runtime.featurization.data_transformer._apply_transforms:518 - Transform memory estimate: 0 bytes, Current available memory: 6979846144 bytes
2021-05-28 05:25:48.989 - INFO - 19995 - azureml.automl.runtime.featurization.data_transformer._apply_transforms:528 - StringCastTransformer,CountVectorizer: Applying transform.
2021-05-28 05:25:49.112 - INFO - 19995 - azureml.automl.runtime.featurization.data_transformer._apply_transforms:542 - StringCastTransformer,CountVectorizer: Finished applying transform. Shape (32950, 26)
2021-05-28 05:25:49.113 - INFO - 19995 - azureml.automl.runtime.featurization.data_transformer._apply_transforms:518 - Transform memory estimate: 0 bytes, Current available memory: 6968090624 bytes
2021-05-28 05:25:49.113 - INFO - 19995 - azureml.automl.runtime.featurization.data_transformer._apply_transforms:528 - StringCastTransformer,CountVectorizer: Applying transform.
2021-05-28 05:25:49.252 - INFO - 19995 - azureml.automl.runtime.featurization.data_transformer._apply_transforms:542 - StringCastTransformer,CountVectorizer: Finished applying transform. Shape (32950, 8)
2021-05-28 05:25:49.253 - INFO - 19995 - azureml.automl.runtime.featurization.data_transformer._apply_transforms:518 - Transform memory estimate: 0 bytes, Current available memory: 6956105728 bytes
2021-05-28 05:25:49.253 - INFO - 19995 - azureml.automl.runtime.featurization.data_transformer._apply_transforms:528 - StringCastTransformer,CountVectorizer: Applying transform.
2021-05-28 05:25:49.356 - INFO - 19995 - azureml.automl.runtime.featurization.data_transformer._apply_transforms:542 - StringCastTransformer,CountVectorizer: Finished applying transform. Shape (32950, 3)
2021-05-28 05:25:49.357 - INFO - 19995 - azureml.automl.runtime.featurization.data_transformer._apply_transforms:551 - Finished applying transforms
2021-05-28 05:25:49.357 - INFO - 19995 - azureml.automl.runtime.shared.memory_utilities._is_low_memory:208 - Total ram: 14677889024 bytes, Current Available memory: 6955102208 bytes. Low memory threshold: 0.5
